2021-01-21 13:08:10,932 INFO o.a.j.u.JMeterUtils: Setting Locale to es_ES
2021-01-21 13:08:11,011 INFO o.a.j.u.JMeterUtils: Could not find resources for 'es_ES', using 'es'
2021-01-21 13:08:11,013 INFO o.a.j.JMeter: Loading user properties from: /home/usuario/Descargas/apache-jmeter-5.4/bin/user.properties
2021-01-21 13:08:11,016 INFO o.a.j.JMeter: Loading system properties from: /home/usuario/Descargas/apache-jmeter-5.4/bin/system.properties
2021-01-21 13:08:11,019 INFO o.a.j.JMeter: Setting JMeter property: jmeter.save.saveservice.output_format=xml
2021-01-21 13:08:11,032 INFO o.a.j.JMeter: Copyright (c) 1998-2020 The Apache Software Foundation
2021-01-21 13:08:11,034 INFO o.a.j.JMeter: Version 5.4
2021-01-21 13:08:11,035 INFO o.a.j.JMeter: java.version=11.0.9.1
2021-01-21 13:08:11,036 INFO o.a.j.JMeter: java.vm.name=OpenJDK 64-Bit Server VM
2021-01-21 13:08:11,037 INFO o.a.j.JMeter: os.name=Linux
2021-01-21 13:08:11,039 INFO o.a.j.JMeter: os.arch=amd64
2021-01-21 13:08:11,039 INFO o.a.j.JMeter: os.version=5.8.0-38-generic
2021-01-21 13:08:11,039 INFO o.a.j.JMeter: file.encoding=UTF-8
2021-01-21 13:08:11,040 INFO o.a.j.JMeter: java.awt.headless=true
2021-01-21 13:08:11,040 INFO o.a.j.JMeter: Max memory     =1239416832
2021-01-21 13:08:11,040 INFO o.a.j.JMeter: Available Processors =3
2021-01-21 13:08:11,057 INFO o.a.j.JMeter: Default Locale=espa単ol (Espa単a)
2021-01-21 13:08:11,058 INFO o.a.j.JMeter: JMeter  Locale=espa単ol (Espa単a)
2021-01-21 13:08:11,059 INFO o.a.j.JMeter: JMeterHome=/home/usuario/Descargas/apache-jmeter-5.4
2021-01-21 13:08:11,060 INFO o.a.j.JMeter: user.dir  =/home/usuario/proyectos/jmeter
2021-01-21 13:08:11,061 INFO o.a.j.JMeter: PWD       =/home/usuario/proyectos/jmeter
2021-01-21 13:08:11,078 INFO o.a.j.JMeter: IP: 10.0.2.15 Name: nodo FullName: nodo
2021-01-21 13:08:11,089 INFO o.a.j.s.FileServer: Default base='/home/usuario/proyectos/jmeter'
2021-01-21 13:08:11,092 INFO o.a.j.s.FileServer: Set new base='/home/usuario/proyectos/jmeter'
2021-01-21 13:08:11,514 INFO o.a.j.s.SaveService: Testplan (JMX) version: 2.2. Testlog (JTL) version: 2.2
2021-01-21 13:08:11,593 INFO o.a.j.s.SaveService: Using SaveService properties version 5.0
2021-01-21 13:08:11,602 INFO o.a.j.s.SaveService: Using SaveService properties file encoding UTF-8
2021-01-21 13:08:11,612 INFO o.a.j.s.SaveService: Loading file: usuarios.jmx
2021-01-21 13:08:11,727 INFO o.a.j.p.h.s.HTTPSamplerBase: Parser for text/html is org.apache.jmeter.protocol.http.parser.LagartoBasedHtmlParser
2021-01-21 13:08:11,728 INFO o.a.j.p.h.s.HTTPSamplerBase: Parser for application/xhtml+xml is org.apache.jmeter.protocol.http.parser.LagartoBasedHtmlParser
2021-01-21 13:08:11,728 INFO o.a.j.p.h.s.HTTPSamplerBase: Parser for application/xml is org.apache.jmeter.protocol.http.parser.LagartoBasedHtmlParser
2021-01-21 13:08:11,728 INFO o.a.j.p.h.s.HTTPSamplerBase: Parser for text/xml is org.apache.jmeter.protocol.http.parser.LagartoBasedHtmlParser
2021-01-21 13:08:11,729 INFO o.a.j.p.h.s.HTTPSamplerBase: Parser for text/vnd.wap.wml is org.apache.jmeter.protocol.http.parser.RegexpHTMLParser
2021-01-21 13:08:11,729 INFO o.a.j.p.h.s.HTTPSamplerBase: Parser for text/css is org.apache.jmeter.protocol.http.parser.CssParser
2021-01-21 13:08:11,797 INFO o.a.j.JMeter: Creating summariser <summary>
2021-01-21 13:08:11,814 INFO o.a.j.e.StandardJMeterEngine: Running the test!
2021-01-21 13:08:11,818 INFO o.a.j.s.SampleEvent: List of sample_variables: []
2021-01-21 13:08:11,819 INFO o.a.j.s.SampleEvent: List of sample_variables: []
2021-01-21 13:08:11,883 INFO o.a.j.e.u.CompoundVariable: Note: Function class names must contain the string: '.functions.'
2021-01-21 13:08:11,883 INFO o.a.j.e.u.CompoundVariable: Note: Function class names must not contain the string: '.gui.'
2021-01-21 13:08:12,540 INFO o.a.j.JMeter: Test lanzado (1611230892540)
2021-01-21 13:08:12,609 INFO o.a.j.e.StandardJMeterEngine: Starting ThreadGroup: 1 : usuarios
2021-01-21 13:08:12,609 INFO o.a.j.e.StandardJMeterEngine: Starting 200 threads for group usuarios.
2021-01-21 13:08:12,610 INFO o.a.j.e.StandardJMeterEngine: Thread will continue on error
2021-01-21 13:08:12,610 INFO o.a.j.t.ThreadGroup: Starting thread group... number=1 threads=200 ramp-up=10 delayedStart=true
2021-01-21 13:08:12,614 INFO o.a.j.t.ThreadGroup: Started thread group number 1
2021-01-21 13:08:12,614 INFO o.a.j.e.StandardJMeterEngine: All thread groups have been started
2021-01-21 13:08:12,637 INFO o.a.j.t.JMeterThread: Thread started: usuarios 1-1
2021-01-21 13:08:12,692 INFO o.a.j.p.h.s.HTTPHCAbstractImpl: Local host = nodo
2021-01-21 13:08:12,705 INFO o.a.j.t.JMeterThread: Thread started: usuarios 1-2
2021-01-21 13:08:12,716 INFO o.a.j.p.h.s.HTTPHC4Impl: HTTP request retry count = 0
2021-01-21 13:08:12,719 INFO o.a.j.s.SampleResult: Note: Sample TimeStamps are START times
2021-01-21 13:08:12,720 INFO o.a.j.s.SampleResult: sampleresult.default.encoding is set to ISO-8859-1
2021-01-21 13:08:12,720 INFO o.a.j.s.SampleResult: sampleresult.useNanoTime=true
2021-01-21 13:08:12,720 INFO o.a.j.s.SampleResult: sampleresult.nanoThreadSleep=5000
2021-01-21 13:08:12,740 INFO o.a.j.t.JMeterThread: Thread started: usuarios 1-3
2021-01-21 13:08:12,795 INFO o.a.j.t.JMeterThread: Thread started: usuarios 1-4
2021-01-21 13:08:12,844 INFO o.a.j.t.JMeterThread: Thread started: usuarios 1-5
2021-01-21 13:08:12,908 INFO o.a.j.t.JMeterThread: Thread started: usuarios 1-6
2021-01-21 13:08:12,949 INFO o.a.j.t.JMeterThread: Thread started: usuarios 1-7
2021-01-21 13:08:13,000 INFO o.a.j.t.JMeterThread: Thread started: usuarios 1-8
2021-01-21 13:08:13,055 INFO o.a.j.t.JMeterThread: Thread started: usuarios 1-9
2021-01-21 13:08:13,109 INFO o.a.j.t.JMeterThread: Thread started: usuarios 1-10
2021-01-21 13:08:13,166 INFO o.a.j.t.JMeterThread: Thread started: usuarios 1-11
2021-01-21 13:08:13,220 INFO o.a.j.t.JMeterThread: Thread started: usuarios 1-12
2021-01-21 13:08:13,281 INFO o.a.j.t.JMeterThread: Thread started: usuarios 1-13
2021-01-21 13:08:13,342 INFO o.a.j.t.JMeterThread: Thread started: usuarios 1-14
2021-01-21 13:08:13,393 INFO o.a.j.t.JMeterThread: Thread started: usuarios 1-15
2021-01-21 13:08:13,453 INFO o.a.j.t.JMeterThread: Thread started: usuarios 1-16
2021-01-21 13:08:13,504 INFO o.a.j.t.JMeterThread: Thread started: usuarios 1-17
2021-01-21 13:08:13,556 INFO o.a.j.t.JMeterThread: Thread started: usuarios 1-18
2021-01-21 13:08:13,607 INFO o.a.j.t.JMeterThread: Thread started: usuarios 1-19
2021-01-21 13:08:13,658 INFO o.a.j.t.JMeterThread: Thread started: usuarios 1-20
2021-01-21 13:08:13,715 INFO o.a.j.t.JMeterThread: Thread started: usuarios 1-21
2021-01-21 13:08:13,769 INFO o.a.j.t.JMeterThread: Thread started: usuarios 1-22
2021-01-21 13:08:13,821 INFO o.a.j.t.JMeterThread: Thread started: usuarios 1-23
2021-01-21 13:08:13,877 INFO o.a.j.t.JMeterThread: Thread started: usuarios 1-24
2021-01-21 13:08:13,934 INFO o.a.j.t.JMeterThread: Thread started: usuarios 1-25
2021-01-21 13:08:13,988 INFO o.a.j.t.JMeterThread: Thread started: usuarios 1-26
2021-01-21 13:08:14,043 INFO o.a.j.t.JMeterThread: Thread started: usuarios 1-27
2021-01-21 13:08:14,095 INFO o.a.j.t.JMeterThread: Thread started: usuarios 1-28
2021-01-21 13:08:14,160 INFO o.a.j.t.JMeterThread: Thread started: usuarios 1-29
2021-01-21 13:08:14,211 INFO o.a.j.t.JMeterThread: Thread started: usuarios 1-30
2021-01-21 13:08:14,261 INFO o.a.j.t.JMeterThread: Thread started: usuarios 1-31
2021-01-21 13:08:14,315 INFO o.a.j.t.JMeterThread: Thread started: usuarios 1-32
2021-01-21 13:08:14,373 INFO o.a.j.t.JMeterThread: Thread started: usuarios 1-33
2021-01-21 13:08:14,432 INFO o.a.j.t.JMeterThread: Thread started: usuarios 1-34
2021-01-21 13:08:14,486 INFO o.a.j.t.JMeterThread: Thread started: usuarios 1-35
2021-01-21 13:08:14,540 INFO o.a.j.t.JMeterThread: Thread started: usuarios 1-36
2021-01-21 13:08:14,590 INFO o.a.j.t.JMeterThread: Thread started: usuarios 1-37
2021-01-21 13:08:14,641 INFO o.a.j.t.JMeterThread: Thread started: usuarios 1-38
2021-01-21 13:08:14,695 INFO o.a.j.t.JMeterThread: Thread started: usuarios 1-39
2021-01-21 13:08:14,746 INFO o.a.j.t.JMeterThread: Thread started: usuarios 1-40
2021-01-21 13:08:14,796 INFO o.a.j.t.JMeterThread: Thread started: usuarios 1-41
2021-01-21 13:08:14,853 INFO o.a.j.t.JMeterThread: Thread started: usuarios 1-42
2021-01-21 13:08:14,914 INFO o.a.j.t.JMeterThread: Thread started: usuarios 1-43
2021-01-21 13:08:14,962 INFO o.a.j.t.JMeterThread: Thread started: usuarios 1-44
2021-01-21 13:08:15,014 INFO o.a.j.t.JMeterThread: Thread started: usuarios 1-45
2021-01-21 13:08:15,074 INFO o.a.j.t.JMeterThread: Thread started: usuarios 1-46
2021-01-21 13:08:15,133 INFO o.a.j.t.JMeterThread: Thread started: usuarios 1-47
2021-01-21 13:08:15,186 INFO o.a.j.t.JMeterThread: Thread started: usuarios 1-48
2021-01-21 13:08:15,247 INFO o.a.j.t.JMeterThread: Thread started: usuarios 1-49
2021-01-21 13:08:15,301 INFO o.a.j.t.JMeterThread: Thread started: usuarios 1-50
2021-01-21 13:08:15,351 INFO o.a.j.t.JMeterThread: Thread started: usuarios 1-51
2021-01-21 13:08:15,401 INFO o.a.j.t.JMeterThread: Thread started: usuarios 1-52
2021-01-21 13:08:15,458 INFO o.a.j.t.JMeterThread: Thread started: usuarios 1-53
2021-01-21 13:08:15,506 INFO o.a.j.t.JMeterThread: Thread started: usuarios 1-54
2021-01-21 13:08:15,557 INFO o.a.j.t.JMeterThread: Thread started: usuarios 1-55
2021-01-21 13:08:15,609 INFO o.a.j.t.JMeterThread: Thread started: usuarios 1-56
2021-01-21 13:08:15,659 INFO o.a.j.t.JMeterThread: Thread started: usuarios 1-57
2021-01-21 13:08:15,715 INFO o.a.j.t.JMeterThread: Thread started: usuarios 1-58
2021-01-21 13:08:15,773 INFO o.a.j.t.JMeterThread: Thread started: usuarios 1-59
2021-01-21 13:08:15,822 INFO o.a.j.t.JMeterThread: Thread started: usuarios 1-60
2021-01-21 13:08:15,881 INFO o.a.j.t.JMeterThread: Thread started: usuarios 1-61
2021-01-21 13:08:15,931 INFO o.a.j.t.JMeterThread: Thread started: usuarios 1-62
2021-01-21 13:08:15,981 INFO o.a.j.t.JMeterThread: Thread started: usuarios 1-63
2021-01-21 13:08:16,031 INFO o.a.j.t.JMeterThread: Thread started: usuarios 1-64
2021-01-21 13:08:16,085 INFO o.a.j.t.JMeterThread: Thread started: usuarios 1-65
2021-01-21 13:08:16,131 INFO o.a.j.t.JMeterThread: Thread started: usuarios 1-66
2021-01-21 13:08:16,182 INFO o.a.j.t.JMeterThread: Thread started: usuarios 1-67
2021-01-21 13:08:16,231 INFO o.a.j.t.JMeterThread: Thread started: usuarios 1-68
2021-01-21 13:08:16,282 INFO o.a.j.t.JMeterThread: Thread started: usuarios 1-69
2021-01-21 13:08:16,330 INFO o.a.j.t.JMeterThread: Thread started: usuarios 1-70
2021-01-21 13:08:16,387 INFO o.a.j.t.JMeterThread: Thread started: usuarios 1-71
2021-01-21 13:08:16,437 INFO o.a.j.t.JMeterThread: Thread started: usuarios 1-72
2021-01-21 13:08:16,497 INFO o.a.j.t.JMeterThread: Thread started: usuarios 1-73
2021-01-21 13:08:16,546 INFO o.a.j.t.JMeterThread: Thread started: usuarios 1-74
2021-01-21 13:08:16,605 INFO o.a.j.t.JMeterThread: Thread started: usuarios 1-75
2021-01-21 13:08:16,661 INFO o.a.j.t.JMeterThread: Thread started: usuarios 1-76
2021-01-21 13:08:16,711 INFO o.a.j.t.JMeterThread: Thread started: usuarios 1-77
2021-01-21 13:08:16,770 INFO o.a.j.t.JMeterThread: Thread started: usuarios 1-78
2021-01-21 13:08:16,824 INFO o.a.j.t.JMeterThread: Thread started: usuarios 1-79
2021-01-21 13:08:16,878 INFO o.a.j.t.JMeterThread: Thread started: usuarios 1-80
2021-01-21 13:08:16,942 INFO o.a.j.t.JMeterThread: Thread started: usuarios 1-81
2021-01-21 13:08:16,992 INFO o.a.j.t.JMeterThread: Thread started: usuarios 1-82
2021-01-21 13:08:17,041 INFO o.a.j.t.JMeterThread: Thread started: usuarios 1-83
2021-01-21 13:08:17,098 INFO o.a.j.t.JMeterThread: Thread started: usuarios 1-84
2021-01-21 13:08:17,147 INFO o.a.j.t.JMeterThread: Thread started: usuarios 1-85
2021-01-21 13:08:17,196 INFO o.a.j.t.JMeterThread: Thread started: usuarios 1-86
2021-01-21 13:08:17,244 INFO o.a.j.t.JMeterThread: Thread started: usuarios 1-87
2021-01-21 13:08:17,293 INFO o.a.j.t.JMeterThread: Thread started: usuarios 1-88
2021-01-21 13:08:17,343 INFO o.a.j.t.JMeterThread: Thread started: usuarios 1-89
2021-01-21 13:08:17,392 INFO o.a.j.t.JMeterThread: Thread started: usuarios 1-90
2021-01-21 13:08:17,447 INFO o.a.j.t.JMeterThread: Thread started: usuarios 1-91
2021-01-21 13:08:17,496 INFO o.a.j.t.JMeterThread: Thread started: usuarios 1-92
2021-01-21 13:08:17,545 INFO o.a.j.t.JMeterThread: Thread started: usuarios 1-93
2021-01-21 13:08:17,593 INFO o.a.j.t.JMeterThread: Thread started: usuarios 1-94
2021-01-21 13:08:17,651 INFO o.a.j.t.JMeterThread: Thread started: usuarios 1-95
2021-01-21 13:08:17,699 INFO o.a.j.t.JMeterThread: Thread started: usuarios 1-96
2021-01-21 13:08:17,747 INFO o.a.j.t.JMeterThread: Thread started: usuarios 1-97
2021-01-21 13:08:17,795 INFO o.a.j.t.JMeterThread: Thread started: usuarios 1-98
2021-01-21 13:08:17,843 INFO o.a.j.t.JMeterThread: Thread started: usuarios 1-99
2021-01-21 13:08:17,892 INFO o.a.j.t.JMeterThread: Thread started: usuarios 1-100
2021-01-21 13:08:17,950 INFO o.a.j.t.JMeterThread: Thread started: usuarios 1-101
2021-01-21 13:08:17,999 INFO o.a.j.t.JMeterThread: Thread started: usuarios 1-102
2021-01-21 13:08:18,047 INFO o.a.j.t.JMeterThread: Thread started: usuarios 1-103
2021-01-21 13:08:18,098 INFO o.a.j.t.JMeterThread: Thread started: usuarios 1-104
2021-01-21 13:08:18,154 INFO o.a.j.t.JMeterThread: Thread started: usuarios 1-105
2021-01-21 13:08:18,203 INFO o.a.j.t.JMeterThread: Thread started: usuarios 1-106
2021-01-21 13:08:18,253 INFO o.a.j.t.JMeterThread: Thread started: usuarios 1-107
2021-01-21 13:08:18,300 INFO o.a.j.t.JMeterThread: Thread started: usuarios 1-108
2021-01-21 13:08:18,349 INFO o.a.j.t.JMeterThread: Thread started: usuarios 1-109
2021-01-21 13:08:18,399 INFO o.a.j.t.JMeterThread: Thread started: usuarios 1-110
2021-01-21 13:08:18,451 INFO o.a.j.t.JMeterThread: Thread started: usuarios 1-111
2021-01-21 13:08:18,502 INFO o.a.j.t.JMeterThread: Thread started: usuarios 1-112
2021-01-21 13:08:18,553 INFO o.a.j.t.JMeterThread: Thread started: usuarios 1-113
2021-01-21 13:08:18,602 INFO o.a.j.t.JMeterThread: Thread started: usuarios 1-114
2021-01-21 13:08:18,653 INFO o.a.j.t.JMeterThread: Thread started: usuarios 1-115
2021-01-21 13:08:18,704 INFO o.a.j.t.JMeterThread: Thread started: usuarios 1-116
2021-01-21 13:08:18,760 INFO o.a.j.t.JMeterThread: Thread started: usuarios 1-117
2021-01-21 13:08:18,813 INFO o.a.j.t.JMeterThread: Thread started: usuarios 1-118
2021-01-21 13:08:18,860 INFO o.a.j.t.JMeterThread: Thread started: usuarios 1-119
2021-01-21 13:08:18,913 INFO o.a.j.t.JMeterThread: Thread started: usuarios 1-120
2021-01-21 13:08:18,961 INFO o.a.j.t.JMeterThread: Thread started: usuarios 1-121
2021-01-21 13:08:19,010 INFO o.a.j.t.JMeterThread: Thread started: usuarios 1-122
2021-01-21 13:08:19,057 INFO o.a.j.t.JMeterThread: Thread started: usuarios 1-123
2021-01-21 13:08:19,108 INFO o.a.j.t.JMeterThread: Thread started: usuarios 1-124
2021-01-21 13:08:19,169 INFO o.a.j.t.JMeterThread: Thread started: usuarios 1-125
2021-01-21 13:08:19,220 INFO o.a.j.t.JMeterThread: Thread started: usuarios 1-126
2021-01-21 13:08:19,270 INFO o.a.j.t.JMeterThread: Thread started: usuarios 1-127
2021-01-21 13:08:19,319 INFO o.a.j.t.JMeterThread: Thread started: usuarios 1-128
2021-01-21 13:08:19,368 INFO o.a.j.t.JMeterThread: Thread started: usuarios 1-129
2021-01-21 13:08:19,417 INFO o.a.j.t.JMeterThread: Thread started: usuarios 1-130
2021-01-21 13:08:19,471 INFO o.a.j.t.JMeterThread: Thread started: usuarios 1-131
2021-01-21 13:08:19,519 INFO o.a.j.t.JMeterThread: Thread started: usuarios 1-132
2021-01-21 13:08:19,572 INFO o.a.j.t.JMeterThread: Thread started: usuarios 1-133
2021-01-21 13:08:19,620 INFO o.a.j.t.JMeterThread: Thread started: usuarios 1-134
2021-01-21 13:08:19,666 INFO o.a.j.t.JMeterThread: Thread started: usuarios 1-135
2021-01-21 13:08:19,715 INFO o.a.j.t.JMeterThread: Thread started: usuarios 1-136
2021-01-21 13:08:19,774 INFO o.a.j.t.JMeterThread: Thread started: usuarios 1-137
2021-01-21 13:08:19,821 INFO o.a.j.t.JMeterThread: Thread started: usuarios 1-138
2021-01-21 13:08:19,876 INFO o.a.j.t.JMeterThread: Thread started: usuarios 1-139
2021-01-21 13:08:19,922 INFO o.a.j.t.JMeterThread: Thread started: usuarios 1-140
2021-01-21 13:08:19,968 INFO o.a.j.t.JMeterThread: Thread started: usuarios 1-141
2021-01-21 13:08:20,013 INFO o.a.j.t.JMeterThread: Thread started: usuarios 1-142
2021-01-21 13:08:20,062 INFO o.a.j.t.JMeterThread: Thread started: usuarios 1-143
2021-01-21 13:08:20,118 INFO o.a.j.t.JMeterThread: Thread started: usuarios 1-144
2021-01-21 13:08:20,170 INFO o.a.j.t.JMeterThread: Thread started: usuarios 1-145
2021-01-21 13:08:20,219 INFO o.a.j.t.JMeterThread: Thread started: usuarios 1-146
2021-01-21 13:08:20,264 INFO o.a.j.t.JMeterThread: Thread started: usuarios 1-147
2021-01-21 13:08:20,312 INFO o.a.j.t.JMeterThread: Thread started: usuarios 1-148
2021-01-21 13:08:20,357 INFO o.a.j.t.JMeterThread: Thread started: usuarios 1-149
2021-01-21 13:08:20,404 INFO o.a.j.t.JMeterThread: Thread started: usuarios 1-150
2021-01-21 13:08:20,450 INFO o.a.j.t.JMeterThread: Thread started: usuarios 1-151
2021-01-21 13:08:20,502 INFO o.a.j.t.JMeterThread: Thread started: usuarios 1-152
2021-01-21 13:08:20,547 INFO o.a.j.t.JMeterThread: Thread started: usuarios 1-153
2021-01-21 13:08:20,594 INFO o.a.j.t.JMeterThread: Thread started: usuarios 1-154
2021-01-21 13:08:20,640 INFO o.a.j.t.JMeterThread: Thread started: usuarios 1-155
2021-01-21 13:08:20,686 INFO o.a.j.t.JMeterThread: Thread started: usuarios 1-156
2021-01-21 13:08:20,739 INFO o.a.j.t.JMeterThread: Thread started: usuarios 1-157
2021-01-21 13:08:20,785 INFO o.a.j.t.JMeterThread: Thread started: usuarios 1-158
2021-01-21 13:08:20,831 INFO o.a.j.t.JMeterThread: Thread started: usuarios 1-159
2021-01-21 13:08:20,877 INFO o.a.j.t.JMeterThread: Thread started: usuarios 1-160
2021-01-21 13:08:20,923 INFO o.a.j.t.JMeterThread: Thread started: usuarios 1-161
2021-01-21 13:08:20,968 INFO o.a.j.t.JMeterThread: Thread started: usuarios 1-162
2021-01-21 13:08:21,013 INFO o.a.j.t.JMeterThread: Thread started: usuarios 1-163
2021-01-21 13:08:21,060 INFO o.a.j.t.JMeterThread: Thread started: usuarios 1-164
2021-01-21 13:08:21,104 INFO o.a.j.t.JMeterThread: Thread started: usuarios 1-165
2021-01-21 13:08:21,148 INFO o.a.j.t.JMeterThread: Thread started: usuarios 1-166
2021-01-21 13:08:21,192 INFO o.a.j.t.JMeterThread: Thread started: usuarios 1-167
2021-01-21 13:08:21,236 INFO o.a.j.t.JMeterThread: Thread started: usuarios 1-168
2021-01-21 13:08:21,281 INFO o.a.j.t.JMeterThread: Thread started: usuarios 1-169
2021-01-21 13:08:21,327 INFO o.a.j.t.JMeterThread: Thread started: usuarios 1-170
2021-01-21 13:08:21,371 INFO o.a.j.t.JMeterThread: Thread started: usuarios 1-171
2021-01-21 13:08:21,417 INFO o.a.j.t.JMeterThread: Thread started: usuarios 1-172
2021-01-21 13:08:21,462 INFO o.a.j.t.JMeterThread: Thread started: usuarios 1-173
2021-01-21 13:08:21,507 INFO o.a.j.t.JMeterThread: Thread started: usuarios 1-174
2021-01-21 13:08:21,556 INFO o.a.j.t.JMeterThread: Thread started: usuarios 1-175
2021-01-21 13:08:21,604 INFO o.a.j.t.JMeterThread: Thread started: usuarios 1-176
2021-01-21 13:08:21,648 INFO o.a.j.t.JMeterThread: Thread started: usuarios 1-177
2021-01-21 13:08:21,691 INFO o.a.j.t.JMeterThread: Thread started: usuarios 1-178
2021-01-21 13:08:21,734 INFO o.a.j.t.JMeterThread: Thread started: usuarios 1-179
2021-01-21 13:08:21,777 INFO o.a.j.t.JMeterThread: Thread started: usuarios 1-180
2021-01-21 13:08:21,835 INFO o.a.j.t.JMeterThread: Thread started: usuarios 1-181
2021-01-21 13:08:21,881 INFO o.a.j.t.JMeterThread: Thread started: usuarios 1-182
2021-01-21 13:08:21,927 INFO o.a.j.t.JMeterThread: Thread started: usuarios 1-183
2021-01-21 13:08:21,974 INFO o.a.j.t.JMeterThread: Thread started: usuarios 1-184
2021-01-21 13:08:22,015 INFO o.a.j.t.JMeterThread: Thread started: usuarios 1-185
2021-01-21 13:08:22,059 INFO o.a.j.t.JMeterThread: Thread started: usuarios 1-186
2021-01-21 13:08:22,100 INFO o.a.j.t.JMeterThread: Thread started: usuarios 1-187
2021-01-21 13:08:22,143 INFO o.a.j.t.JMeterThread: Thread started: usuarios 1-188
2021-01-21 13:08:22,183 INFO o.a.j.t.JMeterThread: Thread started: usuarios 1-189
2021-01-21 13:08:22,226 INFO o.a.j.t.JMeterThread: Thread started: usuarios 1-190
2021-01-21 13:08:22,266 INFO o.a.j.t.JMeterThread: Thread started: usuarios 1-191
2021-01-21 13:08:22,307 INFO o.a.j.t.JMeterThread: Thread started: usuarios 1-192
2021-01-21 13:08:22,347 INFO o.a.j.t.JMeterThread: Thread started: usuarios 1-193
2021-01-21 13:08:22,388 INFO o.a.j.t.JMeterThread: Thread started: usuarios 1-194
2021-01-21 13:08:22,430 INFO o.a.j.t.JMeterThread: Thread started: usuarios 1-195
2021-01-21 13:08:22,473 INFO o.a.j.t.JMeterThread: Thread started: usuarios 1-196
2021-01-21 13:08:22,510 INFO o.a.j.t.JMeterThread: Thread started: usuarios 1-197
2021-01-21 13:08:22,546 INFO o.a.j.t.JMeterThread: Thread started: usuarios 1-198
2021-01-21 13:08:22,584 INFO o.a.j.t.JMeterThread: Thread started: usuarios 1-199
2021-01-21 13:08:22,616 INFO o.a.j.t.JMeterThread: Thread started: usuarios 1-200
2021-01-21 13:10:31,752 INFO o.a.j.r.Summariser: summary +    153 in 00:02:19 =    1,1/s Avg: 130173 Min: 129162 Max: 131198 Err:   153 (100,00%) Active: 200 Started: 200 Finished: 0
2021-01-21 13:12:34,628 INFO o.a.j.r.Summariser: summary +     48 in 00:02:03 =    0,4/s Avg: 130237 Min: 129203 Max: 131212 Err:    48 (100,00%) Active: 200 Started: 200 Finished: 0
2021-01-21 13:12:34,628 INFO o.a.j.r.Summariser: summary =    201 in 00:04:22 =    0,8/s Avg: 130188 Min: 129162 Max: 131212 Err:   201 (100,00%)
2021-01-21 13:17:00,867 INFO o.a.j.r.Summariser: summary +    472 in 00:04:26 =    1,8/s Avg: 131034 Min: 130903 Max: 131156 Err:   472 (100,00%) Active: 200 Started: 200 Finished: 0
2021-01-21 13:17:00,871 INFO o.a.j.r.Summariser: summary =    673 in 00:08:48 =    1,3/s Avg: 130781 Min: 129162 Max: 131212 Err:   673 (100,00%)
2021-01-21 13:23:30,010 INFO o.a.j.r.Summariser: summary +    542 in 00:06:29 =    1,4/s Avg: 131048 Min: 130938 Max: 131157 Err:   542 (100,00%) Active: 200 Started: 200 Finished: 0
2021-01-21 13:23:30,011 INFO o.a.j.r.Summariser: summary =   1215 in 00:15:17 =    1,3/s Avg: 130900 Min: 129162 Max: 131212 Err:  1215 (100,00%)
2021-01-21 13:28:00,323 INFO o.a.j.r.Summariser: summary +    538 in 00:04:30 =    2,0/s Avg: 131063 Min: 130983 Max: 131149 Err:   538 (100,00%) Active: 200 Started: 200 Finished: 0
2021-01-21 13:28:00,355 INFO o.a.j.r.Summariser: summary =   1753 in 00:19:48 =    1,5/s Avg: 130950 Min: 129162 Max: 131212 Err:  1753 (100,00%)
2021-01-21 13:30:03,206 INFO o.a.j.r.Summariser: summary +     48 in 00:02:03 =    0,4/s Avg: 131068 Min: 130996 Max: 131118 Err:    48 (100,00%) Active: 200 Started: 200 Finished: 0
2021-01-21 13:30:03,207 INFO o.a.j.r.Summariser: summary =   1801 in 00:21:51 =    1,4/s Avg: 130953 Min: 129162 Max: 131212 Err:  1801 (100,00%)
2021-01-21 13:34:31,492 INFO o.a.j.r.Summariser: summary +    511 in 00:04:28 =    1,9/s Avg: 131060 Min: 130970 Max: 131180 Err:   511 (100,00%) Active: 200 Started: 200 Finished: 0
2021-01-21 13:34:31,504 INFO o.a.j.r.Summariser: summary =   2312 in 00:26:19 =    1,5/s Avg: 130977 Min: 129162 Max: 131212 Err:  2312 (100,00%)
2021-01-21 13:41:00,610 INFO o.a.j.r.Summariser: summary +    522 in 00:06:29 =    1,3/s Avg: 131053 Min: 130951 Max: 131118 Err:   522 (100,00%) Active: 200 Started: 200 Finished: 0
2021-01-21 13:41:00,624 INFO o.a.j.r.Summariser: summary =   2834 in 00:32:48 =    1,4/s Avg: 130991 Min: 129162 Max: 131212 Err:  2834 (100,00%)
2021-01-21 13:45:30,946 INFO o.a.j.r.Summariser: summary +    565 in 00:04:30 =    2,1/s Avg: 131055 Min: 130919 Max: 131120 Err:   565 (100,00%) Active: 200 Started: 200 Finished: 0
2021-01-21 13:45:30,947 INFO o.a.j.r.Summariser: summary =   3399 in 00:37:18 =    1,5/s Avg: 131002 Min: 129162 Max: 131212 Err:  3399 (100,00%)
2021-01-21 13:47:31,779 INFO o.a.j.r.Summariser: summary +      2 in 00:02:01 =    0,0/s Avg: 131066 Min: 131062 Max: 131070 Err:     2 (100,00%) Active: 200 Started: 200 Finished: 0
2021-01-21 13:47:31,791 INFO o.a.j.r.Summariser: summary =   3401 in 00:39:19 =    1,4/s Avg: 131002 Min: 129162 Max: 131212 Err:  3401 (100,00%)
2021-01-21 13:52:00,067 INFO o.a.j.r.Summariser: summary +    511 in 00:04:28 =    1,9/s Avg: 131063 Min: 131003 Max: 131130 Err:   511 (100,00%) Active: 200 Started: 200 Finished: 0
2021-01-21 13:52:00,077 INFO o.a.j.r.Summariser: summary =   3912 in 00:43:48 =    1,5/s Avg: 131010 Min: 129162 Max: 131212 Err:  3912 (100,00%)
2021-01-22 09:24:31,798 INFO o.a.j.r.Summariser: summary +    287 in 19:32:32 =    0,0/s Avg: 112383 Min:  6106 Max: 131160 Err:   287 (100,00%) Active: 200 Started: 200 Finished: 0
2021-01-22 09:24:31,801 INFO o.a.j.r.Summariser: summary =   4199 in 20:16:19 =    0,1/s Avg: 129737 Min:  6106 Max: 131212 Err:  4199 (100,00%)
2021-01-22 09:26:32,625 INFO o.a.j.r.Summariser: summary +     45 in 00:02:01 =    0,4/s Avg: 131070 Min: 131056 Max: 131104 Err:    45 (100,00%) Active: 200 Started: 200 Finished: 0
2021-01-22 09:26:32,634 INFO o.a.j.r.Summariser: summary =   4244 in 20:18:20 =    0,1/s Avg: 129751 Min:  6106 Max: 131212 Err:  4244 (100,00%)
2021-01-22 09:31:00,919 INFO o.a.j.r.Summariser: summary +    508 in 00:04:28 =    1,9/s Avg: 131063 Min: 130983 Max: 131122 Err:   508 (100,00%) Active: 200 Started: 200 Finished: 0
2021-01-22 09:31:00,921 INFO o.a.j.r.Summariser: summary =   4752 in 20:22:48 =    0,1/s Avg: 129891 Min:  6106 Max: 131212 Err:  4752 (100,00%)
2021-01-22 09:33:05,843 INFO o.a.j.r.Summariser: summary +     92 in 00:02:05 =    0,7/s Avg: 131061 Min: 131033 Max: 131103 Err:    92 (100,00%) Active: 200 Started: 200 Finished: 0
2021-01-22 09:33:05,874 INFO o.a.j.r.Summariser: summary =   4844 in 20:24:53 =    0,1/s Avg: 129913 Min:  6106 Max: 131212 Err:  4844 (100,00%)
2021-01-22 09:37:30,033 INFO o.a.j.r.Summariser: summary +    433 in 00:04:24 =    1,6/s Avg: 131064 Min: 131002 Max: 131119 Err:   433 (100,00%) Active: 200 Started: 200 Finished: 0
2021-01-22 09:37:30,042 INFO o.a.j.r.Summariser: summary =   5277 in 20:29:17 =    0,1/s Avg: 130008 Min:  6106 Max: 131212 Err:  5277 (100,00%)
2021-01-22 09:42:00,376 INFO o.a.j.r.Summariser: summary +    522 in 00:04:30 =    1,9/s Avg: 131064 Min: 131002 Max: 131108 Err:   522 (100,00%) Active: 200 Started: 200 Finished: 0
2021-01-22 09:42:00,377 INFO o.a.j.r.Summariser: summary =   5799 in 20:33:48 =    0,1/s Avg: 130103 Min:  6106 Max: 131212 Err:  5799 (100,00%)
2021-01-22 09:44:01,201 INFO o.a.j.r.Summariser: summary +     45 in 00:02:01 =    0,4/s Avg: 131056 Min: 131013 Max: 131103 Err:    45 (100,00%) Active: 200 Started: 200 Finished: 0
2021-01-22 09:44:01,211 INFO o.a.j.r.Summariser: summary =   5844 in 20:35:49 =    0,1/s Avg: 130110 Min:  6106 Max: 131212 Err:  5844 (100,00%)
2021-01-22 09:48:31,545 INFO o.a.j.r.Summariser: summary +    509 in 00:04:30 =    1,9/s Avg: 131065 Min: 131024 Max: 131115 Err:   509 (100,00%) Active: 200 Started: 200 Finished: 0
2021-01-22 09:48:31,546 INFO o.a.j.r.Summariser: summary =   6353 in 20:40:19 =    0,1/s Avg: 130187 Min:  6106 Max: 131212 Err:  6353 (100,00%)
2021-01-22 09:50:34,417 INFO o.a.j.r.Summariser: summary +     91 in 00:02:03 =    0,7/s Avg: 131060 Min: 131020 Max: 131085 Err:    91 (100,00%) Active: 200 Started: 200 Finished: 0
2021-01-22 09:50:34,430 INFO o.a.j.r.Summariser: summary =   6444 in 20:42:22 =    0,1/s Avg: 130199 Min:  6106 Max: 131212 Err:  6444 (100,00%)
2021-01-22 09:55:00,657 INFO o.a.j.r.Summariser: summary +    469 in 00:04:26 =    1,8/s Avg: 131065 Min: 131022 Max: 131102 Err:   469 (100,00%) Active: 200 Started: 200 Finished: 0
2021-01-22 09:55:00,665 INFO o.a.j.r.Summariser: summary =   6913 in 20:46:48 =    0,1/s Avg: 130258 Min:  6106 Max: 131212 Err:  6913 (100,00%)
2021-01-22 09:59:30,995 INFO o.a.j.r.Summariser: summary +    488 in 00:04:30 =    1,8/s Avg: 131068 Min: 130995 Max: 131138 Err:   488 (100,00%) Active: 200 Started: 200 Finished: 0
2021-01-22 09:59:31,032 INFO o.a.j.r.Summariser: summary =   7401 in 20:51:18 =    0,1/s Avg: 130311 Min:  6106 Max: 131212 Err:  7401 (100,00%)
2021-01-22 10:01:31,858 INFO o.a.j.r.Summariser: summary +     76 in 00:02:01 =    0,6/s Avg: 131061 Min: 131014 Max: 131105 Err:    76 (100,00%) Active: 200 Started: 200 Finished: 0
2021-01-22 10:01:31,859 INFO o.a.j.r.Summariser: summary =   7477 in 20:53:19 =    0,1/s Avg: 130319 Min:  6106 Max: 131212 Err:  7477 (100,00%)
2021-01-22 10:06:00,121 INFO o.a.j.r.Summariser: summary +    476 in 00:04:28 =    1,8/s Avg: 131063 Min: 130996 Max: 131136 Err:   476 (100,00%) Active: 200 Started: 200 Finished: 0
2021-01-22 10:06:00,159 INFO o.a.j.r.Summariser: summary =   7953 in 20:57:48 =    0,1/s Avg: 130363 Min:  6106 Max: 131212 Err:  7953 (100,00%)
2021-01-22 10:08:02,995 INFO o.a.j.r.Summariser: summary +     91 in 00:02:03 =    0,7/s Avg: 131053 Min: 131027 Max: 131132 Err:    91 (100,00%) Active: 200 Started: 200 Finished: 0
2021-01-22 10:08:02,996 INFO o.a.j.r.Summariser: summary =   8044 in 20:59:50 =    0,1/s Avg: 130371 Min:  6106 Max: 131212 Err:  8044 (100,00%)
2021-01-22 10:12:31,287 INFO o.a.j.r.Summariser: summary +    508 in 00:04:28 =    1,9/s Avg: 131061 Min: 130995 Max: 131127 Err:   508 (100,00%) Active: 200 Started: 200 Finished: 0
2021-01-22 10:12:31,289 INFO o.a.j.r.Summariser: summary =   8552 in 21:04:19 =    0,1/s Avg: 130412 Min:  6106 Max: 131212 Err:  8552 (100,00%)
